2014-07-16 20:35:38,972 [Worker-9] ERROR o.e.m.c.i.i.nexus.NexusIndexManager - Unable to add org/springframework/samples/service/service/firstproj/0.0.1-SNAPSHOT/firstproj-0.0.1-SNAPSHOT.pom
java.io.FileNotFoundException: /Users/leejinwon/wemakeprice/workspace/firstproj/workspace/.metadata/.plugins/org.eclipse.m2e.core/nexus/830bc118332e77292949ed1e6d2fabe0/_7.fdt (No such file or directory)
	at java.io.RandomAccessFile.open(Native Method) ~[na:1.7.0_51]
	at java.io.RandomAccessFile.<init>(RandomAccessFile.java:241) ~[na:1.7.0_51]
	at org.apache.lucene.store.FSDirectory$FSIndexOutput.<init>(FSDirectory.java:639) ~[lucene-core-2.4.1.jar:2.4.1 750176 - 2009-03-04 21:56:52]
	at org.apache.lucene.store.FSDirectory.createOutput(FSDirectory.java:442) ~[lucene-core-2.4.1.jar:2.4.1 750176 - 2009-03-04 21:56:52]
	at org.apache.lucene.index.FieldsWriter.<init>(FieldsWriter.java:62) ~[lucene-core-2.4.1.jar:2.4.1 750176 - 2009-03-04 21:56:52]
	at org.apache.lucene.index.StoredFieldsWriter.initFieldsWriter(StoredFieldsWriter.java:65) ~[lucene-core-2.4.1.jar:2.4.1 750176 - 2009-03-04 21:56:52]
	at org.apache.lucene.index.StoredFieldsWriter.finishDocument(StoredFieldsWriter.java:141) ~[lucene-core-2.4.1.jar:2.4.1 750176 - 2009-03-04 21:56:52]
	at org.apache.lucene.index.StoredFieldsWriter$PerDoc.finish(StoredFieldsWriter.java:187) ~[lucene-core-2.4.1.jar:2.4.1 750176 - 2009-03-04 21:56:52]
	at org.apache.lucene.index.DocumentsWriter$WaitQueue.writeDocument(DocumentsWriter.java:1408) ~[lucene-core-2.4.1.jar:2.4.1 750176 - 2009-03-04 21:56:52]
	at org.apache.lucene.index.DocumentsWriter$WaitQueue.add(DocumentsWriter.java:1427) ~[lucene-core-2.4.1.jar:2.4.1 750176 - 2009-03-04 21:56:52]
	at org.apache.lucene.index.DocumentsWriter.finishDocument(DocumentsWriter.java:1062) ~[lucene-core-2.4.1.jar:2.4.1 750176 - 2009-03-04 21:56:52]
	at org.apache.lucene.index.DocumentsWriter.updateDocument(DocumentsWriter.java:768) ~[lucene-core-2.4.1.jar:2.4.1 750176 - 2009-03-04 21:56:52]
	at org.apache.lucene.index.DocumentsWriter.updateDocument(DocumentsWriter.java:748) ~[lucene-core-2.4.1.jar:2.4.1 750176 - 2009-03-04 21:56:52]
	at org.apache.lucene.index.IndexWriter.updateDocument(IndexWriter.java:2047) ~[lucene-core-2.4.1.jar:2.4.1 750176 - 2009-03-04 21:56:52]
	at org.apache.lucene.index.IndexWriter.updateDocument(IndexWriter.java:2024) ~[lucene-core-2.4.1.jar:2.4.1 750176 - 2009-03-04 21:56:52]
	at org.apache.maven.index.DefaultIndexerEngine.update(DefaultIndexerEngine.java:80) ~[org.eclipse.m2e.maven.indexer_1.4.0.20130531-2315.jar:na]
	at org.apache.maven.index.DefaultNexusIndexer.addArtifactToIndex(DefaultNexusIndexer.java:338) ~[org.eclipse.m2e.maven.indexer_1.4.0.20130531-2315.jar:na]
	at org.eclipse.m2e.core.internal.index.nexus.NexusIndexManager.addDocument(NexusIndexManager.java:584) [org.eclipse.m2e.core_1.4.0.20130601-0317.jar:na]
	at org.eclipse.m2e.core.internal.index.nexus.NexusIndexManager.mavenProjectChanged(NexusIndexManager.java:762) [org.eclipse.m2e.core_1.4.0.20130601-0317.jar:na]
	at org.eclipse.m2e.core.internal.project.registry.ProjectRegistryManager.notifyProjectChangeListeners(ProjectRegistryManager.java:746) [org.eclipse.m2e.core_1.4.0.20130601-0317.jar:na]
	at org.eclipse.m2e.core.internal.project.registry.ProjectRegistryManager.applyMutableProjectRegistry(ProjectRegistryManager.java:865) [org.eclipse.m2e.core_1.4.0.20130601-0317.jar:na]
	at org.eclipse.m2e.core.internal.project.registry.ProjectRegistryRefreshJob.run(ProjectRegistryRefreshJob.java:101) [org.eclipse.m2e.core_1.4.0.20130601-0317.jar:na]
	at org.eclipse.core.internal.jobs.Worker.run(Worker.java:53) [org.eclipse.core.jobs_3.5.300.v20130429-1813.jar:na]
2014-07-16 20:35:39,077 [Worker-9] ERROR o.e.m.jdt.internal.BuildPathManager - Can't save classpath container state for firstproj
java.io.FileNotFoundException: /Users/leejinwon/wemakeprice/workspace/firstproj/workspace/.metadata/.plugins/org.eclipse.m2e.jdt/firstproj.container (No such file or directory)
	at java.io.FileOutputStream.open(Native Method) ~[na:1.7.0_51]
	at java.io.FileOutputStream.<init>(FileOutputStream.java:221) ~[na:1.7.0_51]
	at java.io.FileOutputStream.<init>(FileOutputStream.java:171) ~[na:1.7.0_51]
	at org.eclipse.m2e.jdt.internal.BuildPathManager.saveContainerState(BuildPathManager.java:206) [org.eclipse.m2e.jdt_1.4.0.20130601-0317.jar:na]
	at org.eclipse.m2e.jdt.internal.BuildPathManager.updateClasspath(BuildPathManager.java:195) [org.eclipse.m2e.jdt_1.4.0.20130601-0317.jar:na]
	at org.eclipse.m2e.jdt.internal.BuildPathManager.mavenProjectChanged(BuildPathManager.java:180) [org.eclipse.m2e.jdt_1.4.0.20130601-0317.jar:na]
	at org.eclipse.m2e.core.internal.project.registry.ProjectRegistryManager.notifyProjectChangeListeners(ProjectRegistryManager.java:746) [org.eclipse.m2e.core_1.4.0.20130601-0317.jar:na]
	at org.eclipse.m2e.core.internal.project.registry.ProjectRegistryManager.applyMutableProjectRegistry(ProjectRegistryManager.java:865) [org.eclipse.m2e.core_1.4.0.20130601-0317.jar:na]
	at org.eclipse.m2e.core.internal.project.registry.ProjectRegistryRefreshJob.run(ProjectRegistryRefreshJob.java:101) [org.eclipse.m2e.core_1.4.0.20130601-0317.jar:na]
	at org.eclipse.core.internal.jobs.Worker.run(Worker.java:53) [org.eclipse.core.jobs_3.5.300.v20130429-1813.jar:na]
2014-07-16 20:35:54,551 [Worker-25] INFO  o.e.m.c.i.l.LifecycleMappingFactory - Using org.maven.ide.eclipse.wtp.WarLifecycleMapping lifecycle mapping for MavenProject: org.springframework.samples.service.service:firstproj:0.0.1-SNAPSHOT @ /Users/leejinwon/wemakeprice/workspace/firstproj/workspace/firstproj/pom.xml.
2014-07-16 20:35:55,000 [Worker-25] ERROR o.e.m.c.i.i.nexus.NexusIndexManager - Unable to add org/springframework/samples/service/service/firstproj/0.0.1-SNAPSHOT/firstproj-0.0.1-SNAPSHOT.pom
java.io.FileNotFoundException: /Users/leejinwon/wemakeprice/workspace/firstproj/workspace/.metadata/.plugins/org.eclipse.m2e.core/nexus/830bc118332e77292949ed1e6d2fabe0/_8.fdt (No such file or directory)
	at java.io.RandomAccessFile.open(Native Method) ~[na:1.7.0_51]
	at java.io.RandomAccessFile.<init>(RandomAccessFile.java:241) ~[na:1.7.0_51]
	at org.apache.lucene.store.FSDirectory$FSIndexOutput.<init>(FSDirectory.java:639) ~[lucene-core-2.4.1.jar:2.4.1 750176 - 2009-03-04 21:56:52]
	at org.apache.lucene.store.FSDirectory.createOutput(FSDirectory.java:442) ~[lucene-core-2.4.1.jar:2.4.1 750176 - 2009-03-04 21:56:52]
	at org.apache.lucene.index.FieldsWriter.<init>(FieldsWriter.java:62) ~[lucene-core-2.4.1.jar:2.4.1 750176 - 2009-03-04 21:56:52]
	at org.apache.lucene.index.StoredFieldsWriter.initFieldsWriter(StoredFieldsWriter.java:65) ~[lucene-core-2.4.1.jar:2.4.1 750176 - 2009-03-04 21:56:52]
	at org.apache.lucene.index.StoredFieldsWriter.finishDocument(StoredFieldsWriter.java:141) ~[lucene-core-2.4.1.jar:2.4.1 750176 - 2009-03-04 21:56:52]
	at org.apache.lucene.index.StoredFieldsWriter$PerDoc.finish(StoredFieldsWriter.java:187) ~[lucene-core-2.4.1.jar:2.4.1 750176 - 2009-03-04 21:56:52]
	at org.apache.lucene.index.DocumentsWriter$WaitQueue.writeDocument(DocumentsWriter.java:1408) ~[lucene-core-2.4.1.jar:2.4.1 750176 - 2009-03-04 21:56:52]
	at org.apache.lucene.index.DocumentsWriter$WaitQueue.add(DocumentsWriter.java:1427) ~[lucene-core-2.4.1.jar:2.4.1 750176 - 2009-03-04 21:56:52]
	at org.apache.lucene.index.DocumentsWriter.finishDocument(DocumentsWriter.java:1062) ~[lucene-core-2.4.1.jar:2.4.1 750176 - 2009-03-04 21:56:52]
	at org.apache.lucene.index.DocumentsWriter.updateDocument(DocumentsWriter.java:768) ~[lucene-core-2.4.1.jar:2.4.1 750176 - 2009-03-04 21:56:52]
	at org.apache.lucene.index.DocumentsWriter.updateDocument(DocumentsWriter.java:748) ~[lucene-core-2.4.1.jar:2.4.1 750176 - 2009-03-04 21:56:52]
	at org.apache.lucene.index.IndexWriter.updateDocument(IndexWriter.java:2047) ~[lucene-core-2.4.1.jar:2.4.1 750176 - 2009-03-04 21:56:52]
	at org.apache.lucene.index.IndexWriter.updateDocument(IndexWriter.java:2024) ~[lucene-core-2.4.1.jar:2.4.1 750176 - 2009-03-04 21:56:52]
	at org.apache.maven.index.DefaultIndexerEngine.update(DefaultIndexerEngine.java:80) ~[org.eclipse.m2e.maven.indexer_1.4.0.20130531-2315.jar:na]
	at org.apache.maven.index.DefaultNexusIndexer.addArtifactToIndex(DefaultNexusIndexer.java:338) ~[org.eclipse.m2e.maven.indexer_1.4.0.20130531-2315.jar:na]
	at org.eclipse.m2e.core.internal.index.nexus.NexusIndexManager.addDocument(NexusIndexManager.java:584) [org.eclipse.m2e.core_1.4.0.20130601-0317.jar:na]
	at org.eclipse.m2e.core.internal.index.nexus.NexusIndexManager.mavenProjectChanged(NexusIndexManager.java:754) [org.eclipse.m2e.core_1.4.0.20130601-0317.jar:na]
	at org.eclipse.m2e.core.internal.project.registry.ProjectRegistryManager.notifyProjectChangeListeners(ProjectRegistryManager.java:746) [org.eclipse.m2e.core_1.4.0.20130601-0317.jar:na]
	at org.eclipse.m2e.core.internal.project.registry.ProjectRegistryManager.applyMutableProjectRegistry(ProjectRegistryManager.java:865) [org.eclipse.m2e.core_1.4.0.20130601-0317.jar:na]
	at org.eclipse.m2e.core.internal.project.registry.ProjectRegistryRefreshJob.run(ProjectRegistryRefreshJob.java:101) [org.eclipse.m2e.core_1.4.0.20130601-0317.jar:na]
	at org.eclipse.core.internal.jobs.Worker.run(Worker.java:53) [org.eclipse.core.jobs_3.5.300.v20130429-1813.jar:na]
2014-07-16 20:35:55,061 [Worker-25] ERROR o.e.m.jdt.internal.BuildPathManager - Can't save classpath container state for firstproj
java.io.FileNotFoundException: /Users/leejinwon/wemakeprice/workspace/firstproj/workspace/.metadata/.plugins/org.eclipse.m2e.jdt/firstproj.container (No such file or directory)
	at java.io.FileOutputStream.open(Native Method) ~[na:1.7.0_51]
	at java.io.FileOutputStream.<init>(FileOutputStream.java:221) ~[na:1.7.0_51]
	at java.io.FileOutputStream.<init>(FileOutputStream.java:171) ~[na:1.7.0_51]
	at org.eclipse.m2e.jdt.internal.BuildPathManager.saveContainerState(BuildPathManager.java:206) [org.eclipse.m2e.jdt_1.4.0.20130601-0317.jar:na]
	at org.eclipse.m2e.jdt.internal.BuildPathManager.updateClasspath(BuildPathManager.java:195) [org.eclipse.m2e.jdt_1.4.0.20130601-0317.jar:na]
	at org.eclipse.m2e.jdt.internal.BuildPathManager.mavenProjectChanged(BuildPathManager.java:180) [org.eclipse.m2e.jdt_1.4.0.20130601-0317.jar:na]
	at org.eclipse.m2e.core.internal.project.registry.ProjectRegistryManager.notifyProjectChangeListeners(ProjectRegistryManager.java:746) [org.eclipse.m2e.core_1.4.0.20130601-0317.jar:na]
	at org.eclipse.m2e.core.internal.project.registry.ProjectRegistryManager.applyMutableProjectRegistry(ProjectRegistryManager.java:865) [org.eclipse.m2e.core_1.4.0.20130601-0317.jar:na]
	at org.eclipse.m2e.core.internal.project.registry.ProjectRegistryRefreshJob.run(ProjectRegistryRefreshJob.java:101) [org.eclipse.m2e.core_1.4.0.20130601-0317.jar:na]
	at org.eclipse.core.internal.jobs.Worker.run(Worker.java:53) [org.eclipse.core.jobs_3.5.300.v20130429-1813.jar:na]
2014-07-16 20:38:10,903 [Worker-28] INFO  o.e.m.c.i.l.LifecycleMappingFactory - Using org.maven.ide.eclipse.wtp.WarLifecycleMapping lifecycle mapping for MavenProject: org.springframework.samples.service.service:firstproj:0.0.1-SNAPSHOT @ /Users/leejinwon/wemakeprice/workspace/firstproj/workspace/firstproj/pom.xml.
2014-07-16 20:38:11,290 [Worker-28] ERROR o.e.m.c.i.i.nexus.NexusIndexManager - Unable to add org/springframework/samples/service/service/firstproj/0.0.1-SNAPSHOT/firstproj-0.0.1-SNAPSHOT.pom
java.io.FileNotFoundException: /Users/leejinwon/wemakeprice/workspace/firstproj/workspace/.metadata/.plugins/org.eclipse.m2e.core/nexus/830bc118332e77292949ed1e6d2fabe0/_9.fdt (No such file or directory)
	at java.io.RandomAccessFile.open(Native Method) ~[na:1.7.0_51]
	at java.io.RandomAccessFile.<init>(RandomAccessFile.java:241) ~[na:1.7.0_51]
	at org.apache.lucene.store.FSDirectory$FSIndexOutput.<init>(FSDirectory.java:639) ~[lucene-core-2.4.1.jar:2.4.1 750176 - 2009-03-04 21:56:52]
	at org.apache.lucene.store.FSDirectory.createOutput(FSDirectory.java:442) ~[lucene-core-2.4.1.jar:2.4.1 750176 - 2009-03-04 21:56:52]
	at org.apache.lucene.index.FieldsWriter.<init>(FieldsWriter.java:62) ~[lucene-core-2.4.1.jar:2.4.1 750176 - 2009-03-04 21:56:52]
	at org.apache.lucene.index.StoredFieldsWriter.initFieldsWriter(StoredFieldsWriter.java:65) ~[lucene-core-2.4.1.jar:2.4.1 750176 - 2009-03-04 21:56:52]
	at org.apache.lucene.index.StoredFieldsWriter.finishDocument(StoredFieldsWriter.java:141) ~[lucene-core-2.4.1.jar:2.4.1 750176 - 2009-03-04 21:56:52]
	at org.apache.lucene.index.StoredFieldsWriter$PerDoc.finish(StoredFieldsWriter.java:187) ~[lucene-core-2.4.1.jar:2.4.1 750176 - 2009-03-04 21:56:52]
	at org.apache.lucene.index.DocumentsWriter$WaitQueue.writeDocument(DocumentsWriter.java:1408) ~[lucene-core-2.4.1.jar:2.4.1 750176 - 2009-03-04 21:56:52]
	at org.apache.lucene.index.DocumentsWriter$WaitQueue.add(DocumentsWriter.java:1427) ~[lucene-core-2.4.1.jar:2.4.1 750176 - 2009-03-04 21:56:52]
	at org.apache.lucene.index.DocumentsWriter.finishDocument(DocumentsWriter.java:1062) ~[lucene-core-2.4.1.jar:2.4.1 750176 - 2009-03-04 21:56:52]
	at org.apache.lucene.index.DocumentsWriter.updateDocument(DocumentsWriter.java:768) ~[lucene-core-2.4.1.jar:2.4.1 750176 - 2009-03-04 21:56:52]
	at org.apache.lucene.index.DocumentsWriter.updateDocument(DocumentsWriter.java:748) ~[lucene-core-2.4.1.jar:2.4.1 750176 - 2009-03-04 21:56:52]
	at org.apache.lucene.index.IndexWriter.updateDocument(IndexWriter.java:2047) ~[lucene-core-2.4.1.jar:2.4.1 750176 - 2009-03-04 21:56:52]
	at org.apache.lucene.index.IndexWriter.updateDocument(IndexWriter.java:2024) ~[lucene-core-2.4.1.jar:2.4.1 750176 - 2009-03-04 21:56:52]
	at org.apache.maven.index.DefaultIndexerEngine.update(DefaultIndexerEngine.java:80) ~[org.eclipse.m2e.maven.indexer_1.4.0.20130531-2315.jar:na]
	at org.apache.maven.index.DefaultNexusIndexer.addArtifactToIndex(DefaultNexusIndexer.java:338) ~[org.eclipse.m2e.maven.indexer_1.4.0.20130531-2315.jar:na]
	at org.eclipse.m2e.core.internal.index.nexus.NexusIndexManager.addDocument(NexusIndexManager.java:584) [org.eclipse.m2e.core_1.4.0.20130601-0317.jar:na]
	at org.eclipse.m2e.core.internal.index.nexus.NexusIndexManager.mavenProjectChanged(NexusIndexManager.java:754) [org.eclipse.m2e.core_1.4.0.20130601-0317.jar:na]
	at org.eclipse.m2e.core.internal.project.registry.ProjectRegistryManager.notifyProjectChangeListeners(ProjectRegistryManager.java:746) [org.eclipse.m2e.core_1.4.0.20130601-0317.jar:na]
	at org.eclipse.m2e.core.internal.project.registry.ProjectRegistryManager.applyMutableProjectRegistry(ProjectRegistryManager.java:865) [org.eclipse.m2e.core_1.4.0.20130601-0317.jar:na]
	at org.eclipse.m2e.core.internal.project.registry.ProjectRegistryRefreshJob.run(ProjectRegistryRefreshJob.java:101) [org.eclipse.m2e.core_1.4.0.20130601-0317.jar:na]
	at org.eclipse.core.internal.jobs.Worker.run(Worker.java:53) [org.eclipse.core.jobs_3.5.300.v20130429-1813.jar:na]
2014-07-16 20:38:11,353 [Worker-28] ERROR o.e.m.jdt.internal.BuildPathManager - Can't save classpath container state for firstproj
java.io.FileNotFoundException: /Users/leejinwon/wemakeprice/workspace/firstproj/workspace/.metadata/.plugins/org.eclipse.m2e.jdt/firstproj.container (No such file or directory)
	at java.io.FileOutputStream.open(Native Method) ~[na:1.7.0_51]
	at java.io.FileOutputStream.<init>(FileOutputStream.java:221) ~[na:1.7.0_51]
	at java.io.FileOutputStream.<init>(FileOutputStream.java:171) ~[na:1.7.0_51]
	at org.eclipse.m2e.jdt.internal.BuildPathManager.saveContainerState(BuildPathManager.java:206) [org.eclipse.m2e.jdt_1.4.0.20130601-0317.jar:na]
	at org.eclipse.m2e.jdt.internal.BuildPathManager.updateClasspath(BuildPathManager.java:195) [org.eclipse.m2e.jdt_1.4.0.20130601-0317.jar:na]
	at org.eclipse.m2e.jdt.internal.BuildPathManager.mavenProjectChanged(BuildPathManager.java:180) [org.eclipse.m2e.jdt_1.4.0.20130601-0317.jar:na]
	at org.eclipse.m2e.core.internal.project.registry.ProjectRegistryManager.notifyProjectChangeListeners(ProjectRegistryManager.java:746) [org.eclipse.m2e.core_1.4.0.20130601-0317.jar:na]
	at org.eclipse.m2e.core.internal.project.registry.ProjectRegistryManager.applyMutableProjectRegistry(ProjectRegistryManager.java:865) [org.eclipse.m2e.core_1.4.0.20130601-0317.jar:na]
	at org.eclipse.m2e.core.internal.project.registry.ProjectRegistryRefreshJob.run(ProjectRegistryRefreshJob.java:101) [org.eclipse.m2e.core_1.4.0.20130601-0317.jar:na]
	at org.eclipse.core.internal.jobs.Worker.run(Worker.java:53) [org.eclipse.core.jobs_3.5.300.v20130429-1813.jar:na]
2014-07-16 20:40:08,892 [Worker-32] INFO  o.e.m.w.i.f.ResourceFilteringBuildParticipant - Cleaning filtered folder for firstproj
2014-07-16 20:40:12,561 [Worker-27] INFO  o.e.m.c.i.embedder.EclipseLogger - Using 'UTF-8' encoding to copy filtered resources.
2014-07-16 20:40:12,565 [Worker-27] INFO  o.e.m.c.i.embedder.EclipseLogger - Copying 2 resources
2014-07-16 20:40:12,571 [Worker-27] INFO  o.e.m.c.i.embedder.EclipseLogger - Copying 5 resources
2014-07-16 20:40:12,575 [Worker-27] INFO  o.e.m.c.i.embedder.EclipseLogger - Using 'UTF-8' encoding to copy filtered resources.
2014-07-16 20:40:12,575 [Worker-27] INFO  o.e.m.c.i.embedder.EclipseLogger - skip non existing resourceDirectory /Users/leejinwon/wemakeprice/workspace/firstproj/workspace/firstproj/src/test/resources
